Arguments: 
  C:\Program Files\nodejs\node.exe C:\Users\yemre\AppData\Roaming\npm\node_modules\yarn\bin\yarn.js add cors

PATH: 
  C:\Windows\system32;C:\Windows;C:\Windows\System32\Wbem;C:\Windows\System32\WindowsPowerShell\v1.0\;C:\Windows\System32\OpenSSH\;C:\Program Files\NVIDIA Corporation\NVIDIA NvDLISR;C:\Program Files (x86)\NVIDIA Corporation\PhysX\Common;C:\Program Files\nodejs\;C:\Program Files\Git\cmd;C:\Windows\system32;C:\Users\yemre\AppData\Local\Programs\Python\Python37\Scripts\;C:\Users\yemre\AppData\Local\Programs\Python\Python37\;C:\Users\yemre\AppData\Local\Microsoft\WindowsApps;;C:\Users\yemre\AppData\Local\Programs\Microsoft VS Code\bin;C:\Users\yemre\AppData\Roaming\npm

Yarn version: 
  1.22.19

Node version: 
  20.9.0

Platform: 
  win32 x64

Trace: 
  Error: EPERM: operation not permitted, unlink 'C:\Users\yemre\OneDrive\Masaüstü\noteline\server\node_modules\sqlite3\build\Release\node_sqlite3.node'

npm manifest: 
  {
    "name": "server",
    "version": "1.0.0",
    "description": "",
    "main": "index.js",
    "scripts": {
      "test": "echo \"Error: no test specified\" && exit 1",
      "start": "nodemon server.js"
    },
    "keywords": [],
    "author": "",
    "license": "ISC",
    "dependencies": {
      "cors": "^2.8.5",
      "express": "^4.18.2",
      "nodemon": "^3.0.3",
      "randomstring": "^1.3.0",
      "socket.io": "^4.7.4",
      "sqlite3": "^5.1.7"
    }
  }

yarn manifest: 
  No manifest

Lockfile: 
  No lockfile
